# JRE version: OpenJDK Runtime Environment (20.0.2+9) (build 20.0.2+9-78)
# Java VM: OpenJDK 64-Bit Server VM (20.0.2+9-78, mixed mode, sharing, tiered, compressed oops, compressed class ptrs, g1 gc, windows-amd64)
GC Precious Log:
 CardTable entry size: 512
 Card Set container configuration: InlinePtr #cards 5 size 8 Array Of Cards #cards 12 size 40 Howl #buckets 4 coarsen threshold 1843 Howl Bitmap #cards 512 size 80 coarsen threshold 460 Card regions per heap region 1 cards per card region 2048
 CPUs: 4 total, 4 available
 Memory: 8015M
 Large Page Support: Disabled
 NUMA Support: Disabled
 Compressed Oops: Enabled (32-bit)
 Heap Region Size: 1M
 Heap Min Capacity: 8M
 Heap Initial Capacity: 126M
 Heap Max Capacity: 2004M
 Pre-touch: Disabled
 Parallel Workers: 4
 Concurrent Workers: 1
 Concurrent Refinement Workers: 4
 Periodic GC: Disabled
Heap:
 garbage-first heap   total 184320K, used 85962K [0x0000000082c00000, 0x0000000100000000)
  region size 1024K, 5 young (5120K), 5 survivors (5120K)
 Metaspace       used 22361K, committed 22656K, reserved 1114112K
  class space    used 2924K, committed 3072K, reserved 1048576K
GC Heap History (12 events):
Event: 0.378 GC heap before
{Heap before GC invocations=0 (full 0):
 garbage-first heap   total 129024K, used 12288K [0x0000000082c00000, 0x0000000100000000)
  region size 1024K, 13 young (13312K), 0 survivors (0K)
 Metaspace       used 1628K, committed 1728K, reserved 1114112K
  class space    used 164K, committed 192K, reserved 1048576K
}
Event: 0.381 GC heap after
{Heap after GC invocations=1 (full 0):
 garbage-first heap   total 129024K, used 2199K [0x0000000082c00000, 0x0000000100000000)
  region size 1024K, 2 young (2048K), 2 survivors (2048K)
 Metaspace       used 1628K, committed 1728K, reserved 1114112K
  class space    used 164K, committed 192K, reserved 1048576K
}
Event: 0.963 GC heap before
{Heap before GC invocations=1 (full 0):
 garbage-first heap   total 129024K, used 19607K [0x0000000082c00000, 0x0000000100000000)
  region size 1024K, 20 young (20480K), 2 survivors (2048K)
 Metaspace       used 7053K, committed 7296K, reserved 1114112K
  class space    used 878K, committed 960K, reserved 1048576K
}
Event: 0.966 GC heap after
{Heap after GC invocations=2 (full 0):
 garbage-first heap   total 129024K, used 4584K [0x0000000082c00000, 0x0000000100000000)
  region size 1024K, 3 young (3072K), 3 survivors (3072K)
 Metaspace       used 7053K, committed 7296K, reserved 1114112K
  class space    used 878K, committed 960K, reserved 1048576K
}
Event: 1.470 GC heap before
{Heap before GC invocations=2 (full 0):
 garbage-first heap   total 129024K, used 16872K [0x0000000082c00000, 0x0000000100000000)
  region size 1024K, 15 young (15360K), 3 survivors (3072K)
 Metaspace       used 9595K, committed 9792K, reserved 1114112K
  class space    used 1309K, committed 1408K, reserved 1048576K
}
Event: 1.474 GC heap after
{Heap after GC invocations=3 (full 0):
 garbage-first heap   total 129024K, used 7697K [0x0000000082c00000, 0x0000000100000000)
  region size 1024K, 5 young (5120K), 5 survivors (5120K)
 Metaspace       used 9595K, committed 9792K, reserved 1114112K
  class space    used 1309K, committed 1408K, reserved 1048576K
}
Event: 2.035 GC heap before
{Heap before GC invocations=3 (full 0):
 garbage-first heap   total 129024K, used 90641K [0x0000000082c00000, 0x0000000100000000)
  region size 1024K, 17 young (17408K), 5 survivors (5120K)
 Metaspace       used 12575K, committed 12864K, reserved 1114112K
  class space    used 1878K, committed 1984K, reserved 1048576K
}
Event: 2.043 GC heap after
{Heap after GC invocations=4 (full 0):
 garbage-first heap   total 129024K, used 80643K [0x0000000082c00000, 0x0000000100000000)
  region size 1024K, 6 young (6144K), 6 survivors (6144K)
 Metaspace       used 12575K, committed 12864K, reserved 1114112K
  class space    used 1878K, committed 1984K, reserved 1048576K
}
Event: 2.383 GC heap before
{Heap before GC invocations=5 (full 0):
 garbage-first heap   total 142336K, used 86787K [0x0000000082c00000, 0x0000000100000000)
  region size 1024K, 12 young (12288K), 6 survivors (6144K)
 Metaspace       used 13592K, committed 13824K, reserved 1114112K
  class space    used 2008K, committed 2112K, reserved 1048576K
}
Event: 2.389 GC heap after
{Heap after GC invocations=6 (full 0):
 garbage-first heap   total 142336K, used 81234K [0x0000000082c00000, 0x0000000100000000)
  region size 1024K, 2 young (2048K), 2 survivors (2048K)
 Metaspace       used 13592K, committed 13824K, reserved 1114112K
  class space    used 2008K, committed 2112K, reserved 1048576K
}
Event: 16.195 GC heap before
{Heap before GC invocations=7 (full 0):
 garbage-first heap   total 142336K, used 101714K [0x0000000082c00000, 0x0000000100000000)
  region size 1024K, 21 young (21504K), 2 survivors (2048K)
 Metaspace       used 22361K, committed 22656K, reserved 1114112K
  class space    used 2924K, committed 3072K, reserved 1048576K
}
Event: 16.200 GC heap after
{Heap after GC invocations=8 (full 0):
 garbage-first heap   total 142336K, used 85962K [0x0000000082c00000, 0x0000000100000000)
  region size 1024K, 5 young (5120K), 5 survivors (5120K)
 Metaspace       used 22361K, committed 22656K, reserved 1114112K
  class space    used 2924K, committed 3072K, reserved 1048576K
}

